node:events:485
      throw er; // Unhandled 'error' event
      ^

Error: listen EADDRINUSE: address already in use :::3002
    at Server.setupListenHandle [as _listen2] (node:net:1937:16)
    at listenInCluster (node:net:1994:12)
    at Server.listen (node:net:2099:7)
    at Object.<anonymous> (/Users/priyasingh/minimal-socket-server/server.js:52:8)
    at Module._compile (node:internal/modules/cjs/loader:1739:14)
    at Object..js (node:internal/modules/cjs/loader:1904:10)
    at Module.load (node:internal/modules/cjs/loader:1473:32)
    at Function._load (node:internal/modules/cjs/loader:1285:12)
    at TracingChannel.traceSync (node:diagnostics_channel:322:14)
    at wrapModuleLoad (node:internal/modules/cjs/loader:234:24)
Emitted 'error' event on Server instance at:
    at emitErrorNT (node:net:1973:8)
    at process.processTicksAndRejections (node:internal/process/task_queues:90:21) {
  code: 'EADDRINUSE',
  errno: -48,
  syscall: 'listen',
  address: '::',
  port: 3002
}

Node.js v23.6.1
